0 info it worked if it ends with ok
1 verbose cli [ '/usr/local/bin/node', '/usr/local/bin/npm', 'publish' ]
2 info using npm@3.7.1
3 info using node@v4.2.6
4 verbose publish [ '.' ]
5 silly cache add args [ '.', null ]
6 verbose cache add spec .
7 silly cache add parsed spec Result {
7 silly cache add   raw: '.',
7 silly cache add   scope: null,
7 silly cache add   name: null,
7 silly cache add   rawSpec: '.',
7 silly cache add   spec: '/home/spcv/iankit3.github.io/hackernews',
7 silly cache add   type: 'directory' }
8 verbose addLocalDirectory /home/spcv/.npm/hackernews/1.0.0/package.tgz not in flight; packing
9 verbose correctMkdir /home/spcv/.npm correctMkdir not in flight; initializing
10 info lifecycle hackernews@1.0.0~prepublish: hackernews@1.0.0
11 silly lifecycle hackernews@1.0.0~prepublish: no script for prepublish, continuing
12 verbose tar pack [ '/home/spcv/.npm/hackernews/1.0.0/package.tgz',
12 verbose tar pack   '/home/spcv/iankit3.github.io/hackernews' ]
13 verbose tarball /home/spcv/.npm/hackernews/1.0.0/package.tgz
14 verbose folder /home/spcv/iankit3.github.io/hackernews
15 verbose addLocalTarball adding from inside cache /home/spcv/.npm/hackernews/1.0.0/package.tgz
16 verbose correctMkdir /home/spcv/.npm correctMkdir not in flight; initializing
17 silly cache afterAdd hackernews@1.0.0
18 verbose afterAdd /home/spcv/.npm/hackernews/1.0.0/package/package.json not in flight; writing
19 verbose correctMkdir /home/spcv/.npm correctMkdir not in flight; initializing
20 verbose afterAdd /home/spcv/.npm/hackernews/1.0.0/package/package.json written
21 silly publish { name: 'hackernews',
21 silly publish   version: '1.0.0',
21 silly publish   description: 'Get latest news from YC HN',
21 silly publish   main: 'index.html',
21 silly publish   dependencies: { angular: '^1.5.5' },
21 silly publish   devDependencies: {},
21 silly publish   scripts:
21 silly publish    { test: 'echo "Error: no test specified" && exit 1',
21 silly publish      start: 'lite-server' },
21 silly publish   repository:
21 silly publish    { type: 'git',
21 silly publish      url: 'git+https://github.com/iankit3/hackernews.git' },
21 silly publish   keywords: [ 'hackernews', 'iankit3.github.io', 'news' ],
21 silly publish   author: { name: 'Ankit Kumar' },
21 silly publish   license: 'ISC',
21 silly publish   bugs: { url: 'https://github.com/iankit3/hackernews/issues' },
21 silly publish   homepage: 'https://github.com/iankit3/hackernews#readme',
21 silly publish   readme: 'ERROR: No README data found!',
21 silly publish   _id: 'hackernews@1.0.0',
21 silly publish   _shasum: '5099c07984833c0ae798d2ce8a300af7fa9640b6',
21 silly publish   _from: '.' }
22 verbose getPublishConfig undefined
23 silly mapToRegistry name hackernews
24 silly mapToRegistry using default registry
25 silly mapToRegistry registry https://registry.npmjs.org/
26 silly mapToRegistry uri https://registry.npmjs.org/hackernews
27 verbose publish registryBase https://registry.npmjs.org/
28 silly publish uploading /home/spcv/.npm/hackernews/1.0.0/package.tgz
29 verbose stack Error: auth required for publishing
29 verbose stack     at CachingRegistryClient.publish (/usr/local/lib/node_modules/npm/node_modules/npm-registry-client/lib/publish.js:30:14)
29 verbose stack     at /usr/local/lib/node_modules/npm/lib/publish.js:137:14
29 verbose stack     at mapToRegistry (/usr/local/lib/node_modules/npm/lib/utils/map-to-registry.js:55:3)
29 verbose stack     at publish_ (/usr/local/lib/node_modules/npm/lib/publish.js:106:3)
29 verbose stack     at Array.<anonymous> (/usr/local/lib/node_modules/npm/node_modules/slide/lib/bind-actor.js:15:8)
29 verbose stack     at LOOP (/usr/local/lib/node_modules/npm/node_modules/slide/lib/chain.js:15:14)
29 verbose stack     at LOOP (/usr/local/lib/node_modules/npm/node_modules/slide/lib/chain.js:14:28)
29 verbose stack     at chain (/usr/local/lib/node_modules/npm/node_modules/slide/lib/chain.js:20:5)
29 verbose stack     at /usr/local/lib/node_modules/npm/lib/publish.js:72:5
29 verbose stack     at RES (/usr/local/lib/node_modules/npm/node_modules/inflight/inflight.js:23:14)
30 verbose cwd /home/spcv/iankit3.github.io/hackernews
31 error Linux 4.4.0-24-generic
32 error argv "/usr/local/bin/node" "/usr/local/bin/npm" "publish"
33 error node v4.2.6
34 error npm  v3.7.1
35 error code ENEEDAUTH
36 error need auth auth required for publishing
37 error need auth You need to authorize this machine using `npm adduser`
38 verbose exit [ 1, true ]
